[2015.11.07-01.00.20:042][  0]Log file open, 11/07/15 02:00:20
[2015.11.07-01.00.20:042][  0]LogInit:Display: Running engine for game: GameDeOuf
[2015.11.07-01.00.20:042][  0]LogInit:Display: RandInit(-693030684) SRandInit(-693030683).
[2015.11.07-01.00.20:042][  0]LogTaskGraph: Started task graph with 4 named threads and 5 total threads.
[2015.11.07-01.00.20:042][  0]LogStats: Stats thread started at 3.017700
[2015.11.07-01.00.20:042][  0]LogInit: Version: 4.9.2-2707645+++depot+UE4-Releases+4.9
[2015.11.07-01.00.20:042][  0]LogInit: API Version: 2672455
[2015.11.07-01.00.20:042][  0]LogInit: Compiled (64-bit): Sep 28 2015 10:25:44
[2015.11.07-01.00.20:042][  0]LogInit: Compiled with Visual C++: 18.00.21005.01
[2015.11.07-01.00.20:042][  0]LogInit: Build Configuration: Development
[2015.11.07-01.00.20:042][  0]LogInit: Branch Name: ++depot+UE4-Releases+4.9
[2015.11.07-01.00.20:042][  0]LogInit: Command line:  
[2015.11.07-01.00.20:042][  0]LogInit: Base directory: C:/Program Files/Epic Games/4.9/Engine/Binaries/Win64/
[2015.11.07-01.00.20:042][  0]LogInit: Rocket: 1
[2015.11.07-01.00.20:426][  0]LogInit: Using libcurl 7.41.0
[2015.11.07-01.00.20:426][  0]LogInit:  - built for x86_64-pc-win32
[2015.11.07-01.00.20:426][  0]LogInit:  - supports SSL with WinSSL
[2015.11.07-01.00.20:426][  0]LogInit:  - other features:
[2015.11.07-01.00.20:426][  0]LogInit:      CURL_VERSION_SSL
[2015.11.07-01.00.20:426][  0]LogInit:      CURL_VERSION_IPV6
[2015.11.07-01.00.20:426][  0]LogInit:      CURL_VERSION_ASYNCHDNS
[2015.11.07-01.00.20:464][  0]LogInit:      CURL_VERSION_LARGEFILE
[2015.11.07-01.00.20:464][  0]LogInit:      CURL_VERSION_IDN
[2015.11.07-01.00.20:464][  0]LogInit:  CurlRequestOptions (configurable via config and command line):
[2015.11.07-01.00.20:465][  0]LogInit:  - bVerifyPeer = true  - Libcurl will verify peer certificate
[2015.11.07-01.00.20:465][  0]LogInit:  - bUseHttpProxy = false  - Libcurl will NOT use HTTP proxy
[2015.11.07-01.00.20:465][  0]LogInit:  - bDontReuseConnections = false  - Libcurl will reuse connections
[2015.11.07-01.00.20:465][  0]LogInit:  - CertBundlePath = nullptr  - Libcurl will use whatever was configured at build time.
[2015.11.07-01.00.20:739][  0]LogInit: Presizing for 0 objects not considered by GC, pre-allocating 0 bytes.
[2015.11.07-01.00.21:151][  0]LogInit: Object subsystem initialized
[2015.11.07-01.00.21:351][  0]LogInit: Selected Device Profile: [Windows]
[2015.11.07-01.00.21:351][  0]LogInit: Applying CVar settings loaded from the selected device profile: [Windows]
[2015.11.07-01.00.21:452][  0]LogInit: Computer: CELINE-PC
[2015.11.07-01.00.21:452][  0]LogInit: User: Celine
[2015.11.07-01.00.21:452][  0]LogInit: CPU Page size=4096, Cores=2
[2015.11.07-01.00.21:455][  0]LogInit: High frequency timer resolution =3.118789 MHz
[2015.11.07-01.00.21:456][  0]LogMemory: Memory total: Physical=4.0GB (4GB approx)
[2015.11.07-01.00.21:456][  0]LogMemory: Platform Memory Stats for Windows
[2015.11.07-01.00.21:456][  0]LogMemory: Process Physical Memory: 53.13 MB used, 53.13 MB peak
[2015.11.07-01.00.21:456][  0]LogMemory: Process Virtual Memory: 58.08 MB used, 58.08 MB peak
[2015.11.07-01.00.21:456][  0]LogMemory: Physical Memory: 2267.43 MB used, 4072.89 MB total
[2015.11.07-01.00.21:456][  0]LogMemory: Virtual Memory: 338.87 MB used, 8388608.00 MB total
[2015.11.07-01.00.23:159][  0]LogTextLocalizationManager: No translations for ('fr-FR') exist, falling back to 'en' for localization and internationalization data.
[2015.11.07-01.00.27:499][  0]LogD3D11RHI: Found D3D11 adapter 0: AMD Radeon HD 6800 Series (Feature Level 11_0)
[2015.11.07-01.00.27:499][  0]LogD3D11RHI: Adapter has 1015MB of dedicated video memory, 0MB of dedicated system memory, and 1780MB of shared system memory, 1 output[s]
[2015.11.07-01.00.27:499][  0]LogD3D11RHI: Chosen D3D11 Adapter Id = 0
[2015.11.07-01.00.27:520][  0]LogD3D11RHI: !Direct3DDevice
[2015.11.07-01.00.27:521][  0]LogRHI: Texture pool is 710 MB (70% of 1015 MB)
[2015.11.07-01.00.27:528][  0]LogD3D11RHI: Async texture creation disabled: no driver support
[2015.11.07-01.00.27:877][  0]LogShaderCompilers: Guid format shader working directory is 15 characters bigger than the processId version (../../../../../../Users/Celine/Documents/Unreal Projects/GameDeOuf-master2/Intermediate/Shaders/WorkingDirectory/5868/).
[2015.11.07-01.00.27:877][  0]LogShaderCompilers: Cleaned the shader compiler working directory '../../../../../../Users/Celine/Documents/Unreal Projects/GameDeOuf-master2/Intermediate/Shaders/tmp/D6012C3C46548C3E692594B9D9FB06E2/'.
[2015.11.07-01.00.27:883][  0]LogShaderCompilers:Display: Using Local Shader Compiler.
[2015.11.07-01.00.40:365][  0]LogTemp:Display: Loaded TP AllDesktopTargetPlatform
[2015.11.07-01.00.40:372][  0]LogTemp:Display: Loaded TP WindowsClientTargetPlatform
[2015.11.07-01.00.40:380][  0]LogTemp:Display: Loaded TP WindowsNoEditorTargetPlatform
[2015.11.07-01.00.40:386][  0]LogTemp:Display: Loaded TP WindowsServerTargetPlatform
[2015.11.07-01.00.40:392][  0]LogTemp:Display: Loaded TP WindowsTargetPlatform
[2015.11.07-01.00.40:411][  0]LogTemp:Display: Loaded TP AndroidTargetPlatform
[2015.11.07-01.00.40:422][  0]LogTemp:Display: Loaded TP Android_ASTCTargetPlatform
[2015.11.07-01.00.40:433][  0]LogTemp:Display: Loaded TP Android_ATCTargetPlatform
[2015.11.07-01.00.40:441][  0]LogTemp:Display: Loaded TP Android_DXTTargetPlatform
[2015.11.07-01.00.40:445][  0]LogTemp:Display: Loaded TP Android_ETC1TargetPlatform
[2015.11.07-01.00.40:450][  0]LogTemp:Display: Loaded TP Android_ETC2TargetPlatform
[2015.11.07-01.00.40:460][  0]LogTemp:Display: Loaded TP Android_PVRTCTargetPlatform
[2015.11.07-01.00.40:461][  0]LogTemp:Display: Loaded TP HTML5TargetPlatform
[2015.11.07-01.00.40:566][  0]LogTemp:Display: Loaded TP IOSTargetPlatform
[2015.11.07-01.00.40:578][  0]LogTemp:Display: Loaded TP LinuxNoEditorTargetPlatform
[2015.11.07-01.00.40:582][  0]LogTemp:Display: Loaded TP LinuxServerTargetPlatform
[2015.11.07-01.00.40:590][  0]LogTemp:Display: Loaded TP LinuxTargetPlatform
[2015.11.07-01.00.40:590][  0]LogTargetPlatformManager:Display: Building Assets For Windows
[2015.11.07-01.00.41:544][  0]LogDerivedDataCache:Display: Max Cache Size: 512 MB
[2015.11.07-01.00.41:959][  0]LogDerivedDataCache: Loaded boot cache 0.40s 41MB C:/Users/Celine/AppData/Local/UnrealEngine/4.9/DerivedDataCache/Boot.ddc.
[2015.11.07-01.00.41:959][  0]LogDerivedDataCache:Display: Loaded Boot cache: C:/Users/Celine/AppData/Local/UnrealEngine/4.9/DerivedDataCache/Boot.ddc
[2015.11.07-01.00.41:959][  0]LogDerivedDataCache: FDerivedDataBackendGraph:  Pak pak cache file ../../../../../../Users/Celine/Documents/Unreal Projects/GameDeOuf-master2/DerivedDataCache/DDC.ddp not found, will not use a pak cache.
[2015.11.07-01.00.41:959][  0]LogDerivedDataCache: Unable to find inner node Pak for hierarchical cache Hierarchy.
[2015.11.07-01.00.41:959][  0]LogDerivedDataCache: FDerivedDataBackendGraph:  CompressedPak pak cache file ../../../../../../Users/Celine/Documents/Unreal Projects/GameDeOuf-master2/DerivedDataCache/Compressed.ddp not found, will not use a pak cache.
[2015.11.07-01.00.41:959][  0]LogDerivedDataCache: Unable to find inner node CompressedPak for hierarchical cache Hierarchy.
[2015.11.07-01.00.42:251][  0]LogDerivedDataCache:Display: Pak cache opened for reading ../../../Engine/DerivedDataCache/Compressed.ddp.
[2015.11.07-01.00.42:276][  0]LogDerivedDataCache: Using Local data cache path C:/Users/Celine/AppData/Local/UnrealEngine/Common/DerivedDataCache: Writable
[2015.11.07-01.00.53:330][  0]LogInit: Selected Device Profile: [Windows]
[2015.11.07-01.00.53:358][  0]LogContentStreaming: Texture pool size is 0.000000MB
[2015.11.07-01.00.53:855][  0]LogMeshUtilities: No automatic mesh reduction module available
[2015.11.07-01.00.53:855][  0]LogMeshUtilities: No automatic mesh merging module available
[2015.11.07-01.00.58:989][  0]LogInit: WinSock: version 1.1 (2.2), MaxSocks=32767, MaxUdp=65467
[2015.11.07-01.01.36:094][  0]UdpMessaging: Initializing bridge on interface 0.0.0.0:0 to multicast group 230.0.0.1:6666.
[2015.11.07-01.01.36:887][  0]LogAssetRegistry: FAssetRegistry took 0.0129 seconds to start up
[2015.11.07-01.01.43:594][  0]SourceControl: Info Source control is disabled
[2015.11.07-01.01.44:607][  0]SourceControl: Info Source control is disabled
[2015.11.07-01.01.44:852][  0]SourceControl: Info Source control is disabled
[2015.11.07-01.01.44:922][  0]SourceControl: Info Source control is disabled
[2015.11.07-01.01.46:961][  0]LogLinker:Warning: Asset '../../../Engine/Plugins/Runtime/LeapMotionController/Content/LM_PassthroughMaterial.uasset' has been saved with empty engine version. The asset will be loaded but may be incompatible.
[2015.11.07-01.01.47:484][  0]LogObj: 28361 objects as part of root set at end of initial load.
[2015.11.07-01.01.47:484][  0]LogUObjectAllocator: 6038872 out of 0 bytes used by permanent object pool.
[2015.11.07-01.01.48:160][  0]LogEngine: Initializing Engine...
[2015.11.07-01.01.48:193][  0]LogHMD: Can't find Oculus library dev build: is proper Runtime installed? Version: 0.7.0.0
[2015.11.07-01.01.48:257][  0]LogHMD: SteamVR failed to initialize.  Err: 110
[2015.11.07-01.01.49:298][  0]LogAIModule: Creating AISystem for world NewWorld
[2015.11.07-01.01.49:443][  0]LogInit: XAudio2 using 'Haut-parleurs (2- Sennheiser 3D G4ME1)' : 8 channels at 44.1 kHz using 16 bits per sample (channel mask 0x63f)
[2015.11.07-01.01.49:496][  0]LogInit: FAudioDevice initialized.
[2015.11.07-01.01.49:516][  0]LogDerivedDataCache:Error: Could not save memory cache C:/Users/Celine/AppData/Local/UnrealEngine/4.9/DerivedDataCache/Boot.ddc.
[2015.11.07-01.01.49:527][  0]LogInit: Texture streaming: Enabled
[2015.11.07-01.01.49:552][  0]LogAnalytics: Creating configured Analytics provider AnalyticsET
[2015.11.07-01.01.49:570][  0]LogAnalytics: [UEEditor.Rocket.Release] APIServer = http://et2.epicgames.com/ET2/. AppVersion = 4.9.2-2707645+++depot+UE4-Releases+4.9
[2015.11.07-01.01.49:570][  0]LogAnalytics: [UEEditor.Rocket.Release] SetUserId 833db83244ae1178303d789d14aa4ebb|e36cbd0fcf9b4265986f207f77db8743|384c778a-ad34-43bd-bd47-f469b8859b65
[2015.11.07-01.01.49:570][  0]LogAnalytics: [UEEditor.Rocket.Release] AnalyticsET::StartSession
[2015.11.07-01.01.50:024][  0]LogInit: Transaction tracking system initialized
[2015.11.07-01.01.50:478][  0]BlueprintLog: New page: Editor Load
[2015.11.07-01.01.55:564][  0]LocalizationService: Info Localization service is disabled
[2015.11.07-01.01.59:713][  0]LogConsoleResponse:Display: 
[2015.11.07-01.02.05:738][  0]LogFileCache: Scanning file cache for directory 'C:/Users/Celine/Documents/Unreal Projects/GameDeOuf-master2/Content/' took 0.02s
[2015.11.07-01.02.05:738][  0]LogCook:Display: Done creating registry. It took  0.00s.
[2015.11.07-01.02.09:910][  0]SourceControl: Info Source control is disabled
[2015.11.07-01.02.10:064][  0]Cmd: MAP LOAD FILE="../../../../../../Users/Celine/Documents/Unreal Projects/GameDeOuf-master2/Content/Levels/Prototype.umap" TEMPLATE=0 SHOWPROGRESS=1 FEATURELEVEL=3
[2015.11.07-01.02.10:082][  0]LightingResults: New page: Lighting Build
[2015.11.07-01.02.10:612][  0]MapCheck: New page: Map Check
[2015.11.07-01.02.10:612][  0]LightingResults: New page: Lighting Build
[2015.11.07-01.02.11:449][  0]LogParticles: Destroying 0 GPU particle simulations for FXSystem 0x000000001D8EE160
[2015.11.07-01.02.18:040][  0]LogTexture:Display: Building textures: HQ_Lightmap0_2 (AutoDXT)
[2015.11.07-01.02.18:258][  0]LogTexture:Display: Building textures: HQ_Lightmap1_1 (AutoDXT)
[2015.11.07-01.02.18:261][  0]LogTexture:Display: Building textures: LQ_Lightmap_0_2 (DXT1)
[2015.11.07-01.02.18:428][  0]LogTexture:Display: Building textures: LQ_Lightmap_1_1 (DXT1)
[2015.11.07-01.02.18:638][  0]LogTexture:Display: Building textures: ShadowMapTexture2D_1 (BGRA8)
[2015.11.07-01.02.18:742][  0]LogTexture:Display: Building textures: ShadowMapTexture2D_2 (BGRA8)
[2015.11.07-01.02.21:967][  0]LogAIModule: Creating AISystem for world Prototype
[2015.11.07-01.02.22:042][  0]LogEditorServer: Finished looking for orphan Actors (0.000 secs)
[2015.11.07-01.02.22:043][  0]Cmd: MAP CHECKDEP NOCLEARLOG
[2015.11.07-01.02.22:096][  0]MapCheck: Info Map check complete: 0 Error(s), 0 Warning(s), took 53.081ms to complete.
[2015.11.07-01.02.22:096][  0]LogFileHelpers: Loading map 'Prototype' took 12.116
[2015.11.07-01.02.25:089][  0]LogCollectionManager: Loaded 0 collections in 0.004209 seconds
[2015.11.07-01.02.25:784][  0]LogFileCache: Scanning file cache for directory 'C:/Users/Celine/Documents/Unreal Projects/GameDeOuf-master2/Saved/Collections/' took 0.01s
[2015.11.07-01.02.25:784][  0]LogFileCache: Scanning file cache for directory 'C:/Users/Celine/Documents/Unreal Projects/GameDeOuf-master2/Content/Developers/Celine/Collections/' took 0.01s
[2015.11.07-01.02.25:784][  0]LogFileCache: Scanning file cache for directory 'C:/Users/Celine/Documents/Unreal Projects/GameDeOuf-master2/Content/Collections/' took 0.01s
[2015.11.07-01.02.25:784][  0]LogContentBrowser: Native class hierarchy populated in 0.1205 seconds. Added 1867 classes and 333 folders.
[2015.11.07-01.02.26:446][  0]LogCollectionManager: Rebuilt the GUID cache for 0 collections in 0.000004 seconds
[2015.11.07-01.02.26:878][  0]LogContentBrowser: Native class hierarchy updated for 'WidgetCarousel' in 0.0004 seconds. Added 0 classes and 0 folders.
[2015.11.07-01.02.34:503][  0]LogContentBrowser: Native class hierarchy updated for 'AddContentDialog' in 0.0007 seconds. Added 0 classes and 0 folders.
[2015.11.07-01.02.35:086][  0]LogContentBrowser: Native class hierarchy updated for 'SceneOutliner' in 0.0004 seconds. Added 1 classes and 2 folders.
[2015.11.07-01.02.37:954][  0]LogCrashTracker: Crashtracker disabled due to settings.
[2015.11.07-01.02.38:378][  0]LogUObjectGlobals:Warning: Failed to find object 'Class None.'
[2015.11.07-01.02.38:557][  0]LogLoad: Full Startup: 146.74 seconds (BP compile: 2.37 seconds)
[2015.11.07-01.02.39:446][  0]LogContentStreaming: Texture pool size now 1000 MB
[2015.11.07-01.02.40:253][  0]LogRenderer: Reallocating scene render targets to support 1040x532 (Frame:2).
[2015.11.07-01.02.42:835][  7]LogAssetRegistry: Asset discovery search completed in 65.9582 seconds
[2015.11.07-01.02.42:835][  7]LogCollectionManager: Rebuilt the object cache for 0 collections in 0.000001 seconds (found 0 objects)
[2015.11.07-01.02.42:835][  7]LogCollectionManager: Fixed up redirectors for 0 collections in 0.000041 seconds (updated 0 objects)
[2015.11.07-01.06.02:224][607]LogEditorViewport: Clicking on Actor (LMB): BoxBasic_C (BoxBasic)
[2015.11.07-01.06.03:702][678]LogBlueprintUserMessages: Early PlayInEditor Detection: Level '/Game/Levels/Prototype.Prototype:PersistentLevel' has LevelScriptBlueprint '/Game/Levels/Prototype.Prototype:PersistentLevel.Prototype' with GeneratedClass '/Game/Levels/Prototype.Prototype_C' with ClassGeneratedBy '/Game/Levels/Prototype.Prototype:PersistentLevel.Prototype'
[2015.11.07-01.06.03:702][678]LogPlayLevel: PlayLevel: No blueprints needed recompiling
[2015.11.07-01.06.03:713][678]PIE: New page: PIE session: Prototype (Nov 7, 2015, 3:06:03 AM)
[2015.11.07-01.06.03:713][678]LogPlayLevel: Creating play world package: /Game/Levels/UEDPIE_0_Prototype
[2015.11.07-01.06.03:718][678]LogPlayLevel: PIE: StaticDuplicateObject took: (0.004369s)
[2015.11.07-01.06.03:719][678]LogAIModule: Creating AISystem for world Prototype
[2015.11.07-01.06.03:719][678]LogPlayLevel: PIE: World Init took: (0.000939s)
[2015.11.07-01.06.03:719][678]LogPlayLevel: PIE: Created PIE world by copying editor world from /Game/Levels/Prototype.Prototype to /Game/Levels/UEDPIE_0_Prototype.Prototype (0.005549s)
[2015.11.07-01.06.03:830][678]LogInit: XAudio2 using 'Haut-parleurs (2- Sennheiser 3D G4ME1)' : 8 channels at 44.1 kHz using 16 bits per sample (channel mask 0x63f)
[2015.11.07-01.06.03:833][678]LogInit: FAudioDevice initialized.
[2015.11.07-01.06.03:973][678]LogWorld: Game class is 'GameModeProto_C'
[2015.11.07-01.06.04:008][678]LogWorld: Bringing World /Game/Levels/UEDPIE_0_Prototype.Prototype up for play (max tick rate 0) at 2015.11.07-02.06.04
[2015.11.07-01.06.04:008][678]LogActor:Warning: GameSession /Game/Levels/UEDPIE_0_Prototype.Prototype:PersistentLevel.GameSession_0 has natively added scene component(s), but none of them were set as the actor's RootComponent - picking one arbitrarily
[2015.11.07-01.06.04:009][678]LogActor:Warning: GameNetworkManager /Game/Levels/UEDPIE_0_Prototype.Prototype:PersistentLevel.GameNetworkManager_0 has natively added scene component(s), but none of them were set as the actor's RootComponent - picking one arbitrarily
[2015.11.07-01.06.04:036][678]LogWorld: Bringing up level for play took: 0.031001
[2015.11.07-01.06.04:170][678]PIE: Info Play in editor start time for /Game/Levels/UEDPIE_0_Prototype 0.006
[2015.11.07-01.06.04:171][678]LogBlueprintUserMessages: Late PlayInEditor Detection: Level '/Game/Levels/Prototype.Prototype:PersistentLevel' has LevelScriptBlueprint '/Game/Levels/Prototype.Prototype:PersistentLevel.Prototype' with GeneratedClass '/Game/Levels/Prototype.Prototype_C' with ClassGeneratedBy '/Game/Levels/Prototype.Prototype:PersistentLevel.Prototype'
[2015.11.07-01.07.24:364][ 76]LogBlueprintUserMessages: Early EndPlayMap Detection: Level '/Game/Levels/Prototype.Prototype:PersistentLevel' has LevelScriptBlueprint '/Game/Levels/Prototype.Prototype:PersistentLevel.Prototype' with GeneratedClass '/Game/Levels/Prototype.Prototype_C' with ClassGeneratedBy '/Game/Levels/Prototype.Prototype:PersistentLevel.Prototype'
[2015.11.07-01.07.24:479][ 76]LogBlueprintUserMessages: Late EndPlayMap Detection: Level '/Game/Levels/Prototype.Prototype:PersistentLevel' has LevelScriptBlueprint '/Game/Levels/Prototype.Prototype:PersistentLevel.Prototype' with GeneratedClass '/Game/Levels/Prototype.Prototype_C' with ClassGeneratedBy '/Game/Levels/Prototype.Prototype:PersistentLevel.Prototype'
[2015.11.07-01.07.24:530][ 76]LogParticles: Destroying 0 GPU particle simulations for FXSystem 0x00000000227A1E40
[2015.11.07-01.07.50:796][678]LogContentBrowser: Native class hierarchy updated for 'TextureEditor' in 0.0004 seconds. Added 1 classes and 2 folders.
[2015.11.07-01.33.50:700][897]LogFactory: FactoryCreateBinary: SoundWave with ReimportSoundFactory (0 0 ../../../../../../Users/Celine/Desktop/bruit_marteau_plateau.wav)
[2015.11.07-01.33.50:763][897]Error: Unable to read wave file 'bruit_marteau_plateau' - "Unsupported wave file format.  Only PCM, ADPCM, and DVI ADPCM can be imported."
[2015.11.07-01.33.54:712][897]LogAssetTools:Warning: Failed to import '../../../../../../Users/Celine/Desktop/bruit_marteau_plateau.wav'. Failed to create asset '/Game/Bluprints/Player/bruit_marteau_plateau'
[2015.11.07-01.33.54:724][897]LogFactory: FactoryCreateBinary: SoundWave with ReimportSoundFactory (0 0 ../../../../../../Users/Celine/Desktop/bruit_marteau_vide.wav)
[2015.11.07-01.33.54:724][897]Error: Unable to read wave file 'bruit_marteau_vide' - "Unsupported wave file format.  Only PCM, ADPCM, and DVI ADPCM can be imported."
[2015.11.07-01.33.55:303][897]LogAssetTools:Warning: Failed to import '../../../../../../Users/Celine/Desktop/bruit_marteau_vide.wav'. Failed to create asset '/Game/Bluprints/Player/bruit_marteau_vide'
[2015.11.07-01.33.55:304][897]LogFactory: FactoryCreateBinary: SoundWave with ReimportSoundFactory (0 0 ../../../../../../Users/Celine/Desktop/end_of_timer.wav)
[2015.11.07-01.33.55:308][897]Error: Unable to read wave file 'end_of_timer' - "Unsupported wave file format.  Only PCM, ADPCM, and DVI ADPCM can be imported."
[2015.11.07-01.33.56:529][897]LogAssetTools:Warning: Failed to import '../../../../../../Users/Celine/Desktop/end_of_timer.wav'. Failed to create asset '/Game/Bluprints/Player/end_of_timer'
[2015.11.07-01.33.56:530][897]LogFactory: FactoryCreateBinary: SoundWave with ReimportSoundFactory (0 0 ../../../../../../Users/Celine/Desktop/lose.wav)
[2015.11.07-01.33.56:531][897]Error: Unable to read wave file 'lose' - "Unsupported wave file format.  Only PCM, ADPCM, and DVI ADPCM can be imported."
[2015.11.07-01.33.56:884][897]LogAssetTools:Warning: Failed to import '../../../../../../Users/Celine/Desktop/lose.wav'. Failed to create asset '/Game/Bluprints/Player/lose'
[2015.11.07-01.33.56:886][897]LogFactory: FactoryCreateBinary: SoundWave with ReimportSoundFactory (0 0 ../../../../../../Users/Celine/Desktop/taupe_gentille_qui_meurt.wav)
[2015.11.07-01.33.56:887][897]Error: Unable to read wave file 'taupe_gentille_qui_meurt' - "Unsupported wave file format.  Only PCM, ADPCM, and DVI ADPCM can be imported."
[2015.11.07-01.33.57:261][897]LogAssetTools:Warning: Failed to import '../../../../../../Users/Celine/Desktop/taupe_gentille_qui_meurt.wav'. Failed to create asset '/Game/Bluprints/Player/taupe_gentille_qui_meurt'
[2015.11.07-01.33.57:262][897]LogFactory: FactoryCreateBinary: SoundWave with ReimportSoundFactory (0 0 ../../../../../../Users/Celine/Desktop/taupe_méchante_qui_meurt.wav)
[2015.11.07-01.33.57:263][897]Error: Unable to read wave file 'taupe_méchante_qui_meurt' - "Unsupported wave file format.  Only PCM, ADPCM, and DVI ADPCM can be imported."
[2015.11.07-01.33.57:670][897]LogAssetTools:Warning: Failed to import '../../../../../../Users/Celine/Desktop/taupe_méchante_qui_meurt.wav'. Failed to create asset '/Game/Bluprints/Player/taupe_méchante_qui_meurt'
[2015.11.07-01.35.22:924][718]LogFactory: FactoryCreateBinary: SoundWave with ReimportSoundFactory (0 0 C:\Users\Celine\Desktop\taupe_méchante_qui_meurt.wav)
[2015.11.07-01.35.22:924][718]Error: Unable to read wave file 'taupe_méchante_qui_meurt' - "Unsupported wave file format.  Only PCM, ADPCM, and DVI ADPCM can be imported."
[2015.11.07-01.35.25:207][718]LogAssetTools:Warning: Failed to import 'C:\Users\Celine\Desktop\taupe_méchante_qui_meurt.wav'. Failed to create asset '/Game/Bluprints/Background/taupe_méchante_qui_meurt'
[2015.11.07-01.35.25:209][718]LogFactory: FactoryCreateBinary: SoundWave with ReimportSoundFactory (0 0 C:\Users\Celine\Desktop\bruit_marteau_plateau.wav)
[2015.11.07-01.35.25:209][718]Error: Unable to read wave file 'bruit_marteau_plateau' - "Unsupported wave file format.  Only PCM, ADPCM, and DVI ADPCM can be imported."
[2015.11.07-01.35.25:593][718]LogAssetTools:Warning: Failed to import 'C:\Users\Celine\Desktop\bruit_marteau_plateau.wav'. Failed to create asset '/Game/Bluprints/Background/bruit_marteau_plateau'
[2015.11.07-01.35.25:594][718]LogFactory: FactoryCreateBinary: SoundWave with ReimportSoundFactory (0 0 C:\Users\Celine\Desktop\bruit_marteau_vide.wav)
[2015.11.07-01.35.25:595][718]Error: Unable to read wave file 'bruit_marteau_vide' - "Unsupported wave file format.  Only PCM, ADPCM, and DVI ADPCM can be imported."
[2015.11.07-01.35.26:534][718]LogAssetTools:Warning: Failed to import 'C:\Users\Celine\Desktop\bruit_marteau_vide.wav'. Failed to create asset '/Game/Bluprints/Background/bruit_marteau_vide'
[2015.11.07-01.35.26:535][718]LogFactory: FactoryCreateBinary: SoundWave with ReimportSoundFactory (0 0 C:\Users\Celine\Desktop\taupe_gentille_qui_meurt.wav)
[2015.11.07-01.35.26:536][718]Error: Unable to read wave file 'taupe_gentille_qui_meurt' - "Unsupported wave file format.  Only PCM, ADPCM, and DVI ADPCM can be imported."
[2015.11.07-01.35.26:962][718]LogAssetTools:Warning: Failed to import 'C:\Users\Celine\Desktop\taupe_gentille_qui_meurt.wav'. Failed to create asset '/Game/Bluprints/Background/taupe_gentille_qui_meurt'
[2015.11.07-01.35.26:963][718]LogFactory: FactoryCreateBinary: SoundWave with ReimportSoundFactory (0 0 C:\Users\Celine\Desktop\end_of_timer.wav)
[2015.11.07-01.35.26:966][718]Error: Unable to read wave file 'end_of_timer' - "Unsupported wave file format.  Only PCM, ADPCM, and DVI ADPCM can be imported."
[2015.11.07-01.35.27:570][718]LogAssetTools:Warning: Failed to import 'C:\Users\Celine\Desktop\end_of_timer.wav'. Failed to create asset '/Game/Bluprints/Background/end_of_timer'
[2015.11.07-01.35.27:572][718]LogFactory: FactoryCreateBinary: SoundWave with ReimportSoundFactory (0 0 C:\Users\Celine\Desktop\lose.wav)
[2015.11.07-01.35.27:573][718]Error: Unable to read wave file 'lose' - "Unsupported wave file format.  Only PCM, ADPCM, and DVI ADPCM can be imported."
[2015.11.07-01.35.27:993][718]LogAssetTools:Warning: Failed to import 'C:\Users\Celine\Desktop\lose.wav'. Failed to create asset '/Game/Bluprints/Background/lose'
[2015.11.07-01.38.16:790][468]LogFactory: FactoryCreateBinary: SoundWave with ReimportSoundFactory (0 0 C:\Users\Celine\Desktop\bruit_marteau_plateau16.wav)
[2015.11.07-01.38.16:871][468]LogAudioDerivedData:Display: Building compressed audio format OGG wave bruit_marteau_plateau16...
[2015.11.07-01.38.17:004][468]LogAudioDerivedData:Warning: Updated SoundWave->RawPCMDataSize during cooking SoundWave /Game/Bluprints/Background/bruit_marteau_plateau16.bruit_marteau_plateau16.
[2015.11.07-01.41.59:044][716]LogFactory: FactoryCreateBinary: SoundWave with ReimportSoundFactory (0 0 C:\Users\Celine\Desktop\taupe_gentille_qui_meurt16.wav)
[2015.11.07-01.41.59:048][716]LogAudioDerivedData:Display: Building compressed audio format OGG wave taupe_gentille_qui_meurt16...
[2015.11.07-01.41.59:088][716]LogAudioDerivedData:Warning: Updated SoundWave->RawPCMDataSize during cooking SoundWave /Game/Bluprints/Sounds/taupe_gentille_qui_meurt16.taupe_gentille_qui_meurt16.
[2015.11.07-01.41.59:090][716]LogFactory: FactoryCreateBinary: SoundWave with ReimportSoundFactory (0 0 C:\Users\Celine\Desktop\end_of_timer16.wav)
[2015.11.07-01.41.59:097][716]LogAudioDerivedData:Display: Building compressed audio format OGG wave end_of_timer16...
[2015.11.07-01.41.59:253][716]LogAudioDerivedData:Warning: Updated SoundWave->RawPCMDataSize during cooking SoundWave /Game/Bluprints/Sounds/end_of_timer16.end_of_timer16.
[2015.11.07-01.41.59:255][716]LogFactory: FactoryCreateBinary: SoundWave with ReimportSoundFactory (0 0 C:\Users\Celine\Desktop\lose16.wav)
[2015.11.07-01.41.59:261][716]LogAudioDerivedData:Display: Building compressed audio format OGG wave lose16...
[2015.11.07-01.41.59:354][716]LogAudioDerivedData:Warning: Updated SoundWave->RawPCMDataSize during cooking SoundWave /Game/Bluprints/Sounds/lose16.lose16.
[2015.11.07-01.41.59:355][716]LogFactory: FactoryCreateBinary: SoundWave with ReimportSoundFactory (0 0 C:\Users\Celine\Desktop\taupe_méchante_qui_meurt16.wav)
[2015.11.07-01.41.59:359][716]LogAudioDerivedData:Display: Building compressed audio format OGG wave taupe_méchante_qui_meurt16...
[2015.11.07-01.41.59:384][716]LogAudioDerivedData:Warning: Updated SoundWave->RawPCMDataSize during cooking SoundWave /Game/Bluprints/Sounds/taupe_méchante_qui_meurt16.taupe_méchante_qui_meurt16.
[2015.11.07-01.41.59:385][716]LogFactory: FactoryCreateBinary: SoundWave with ReimportSoundFactory (0 0 C:\Users\Celine\Desktop\bruit_marteau_plateau16.wav)
[2015.11.07-01.41.59:388][716]LogAudioDerivedData:Display: Building compressed audio format OGG wave bruit_marteau_plateau16...
[2015.11.07-01.41.59:425][716]LogAudioDerivedData:Warning: Updated SoundWave->RawPCMDataSize during cooking SoundWave /Game/Bluprints/Sounds/bruit_marteau_plateau16.bruit_marteau_plateau16.
[2015.11.07-01.41.59:427][716]LogFactory: FactoryCreateBinary: SoundWave with ReimportSoundFactory (0 0 C:\Users\Celine\Desktop\bruit_marteau_vide16.wav)
[2015.11.07-01.41.59:430][716]LogAudioDerivedData:Display: Building compressed audio format OGG wave bruit_marteau_vide16...
[2015.11.07-01.41.59:451][716]LogAudioDerivedData:Warning: Updated SoundWave->RawPCMDataSize during cooking SoundWave /Game/Bluprints/Sounds/bruit_marteau_vide16.bruit_marteau_vide16.
[2015.11.07-01.42.23:605][125]LogSavePackage: Save=50.200253ms
[2015.11.07-01.42.23:605][125]LogSavePackage: Moving '../../../../../../Users/Celine/Documents/Unreal Projects/GameDeOuf-master2/Saved/end_of_timer164AE39E4B4B12BC05173B87B0753A4B59.tmp' to '../../../../../../Users/Celine/Documents/Unreal Projects/GameDeOuf-master2/Content/Bluprints/Sounds/end_of_timer16.uasset'
[2015.11.07-01.42.23:617][125]LogSavePackage: Total save time: 70.165377ms
[2015.11.07-01.42.23:617][125]LogSavePackage:Warning: Finished SavePackage ../../../../../../Users/Celine/Documents/Unreal Projects/GameDeOuf-master2/Content/Bluprints/Sounds/end_of_timer16.uasset
[2015.11.07-01.42.23:638][125]Cmd: OBJ SAVEPACKAGE PACKAGE="/Game/Bluprints/Sounds/lose16" FILE="../../../../../../Users/Celine/Documents/Unreal Projects/GameDeOuf-master2/Content/Bluprints/Sounds/lose16.uasset" SILENT=true
[2015.11.07-01.42.23:648][125]LogSavePackage: Save=7.379146ms
[2015.11.07-01.42.23:648][125]LogSavePackage: Moving '../../../../../../Users/Celine/Documents/Unreal Projects/GameDeOuf-master2/Saved/lose165647E80742BC52D0B864B99E48B36FFD.tmp' to '../../../../../../Users/Celine/Documents/Unreal Projects/GameDeOuf-master2/Content/Bluprints/Sounds/lose16.uasset'
[2015.11.07-01.42.23:651][125]LogSavePackage: Total save time: 10.325160ms
[2015.11.07-01.42.23:651][125]LogSavePackage:Warning: Finished SavePackage ../../../../../../Users/Celine/Documents/Unreal Projects/GameDeOuf-master2/Content/Bluprints/Sounds/lose16.uasset
[2015.11.07-01.42.23:674][125]LogSavePackage: Save=7.108208ms
[2015.11.07-01.42.23:674][125]LogSavePackage: Moving '../../../../../../Users/Celine/Documents/Unreal Projects/GameDeOuf-master2/Saved/taupe_méchante_qui_meurt166E5AFA1F41769C109BD44896192192B5.tmp' to '../../../../../../Users/Celine/Documents/Unreal Projects/GameDeOuf-master2/Content/Bluprints/Sounds/taupe_méchante_qui_meurt16.uasset'
[2015.11.07-01.42.23:676][125]LogSavePackage: Total save time: 9.969253ms
[2015.11.07-01.42.23:676][125]LogSavePackage:Warning: Finished SavePackage ../../../../../../Users/Celine/Documents/Unreal Projects/GameDeOuf-master2/Content/Bluprints/Sounds/taupe_méchante_qui_meurt16.uasset
[2015.11.07-01.42.23:696][125]LogSavePackage: Save=6.744285ms
[2015.11.07-01.42.23:696][125]LogSavePackage: Moving '../../../../../../Users/Celine/Documents/Unreal Projects/GameDeOuf-master2/Saved/bruit_marteau_plateau16DABCB11040DFCFB504CB99A889E8DB33.tmp' to '../../../../../../Users/Celine/Documents/Unreal Projects/GameDeOuf-master2/Content/Bluprints/Sounds/bruit_marteau_plateau16.uasset'
[2015.11.07-01.42.23:699][125]LogSavePackage: Total save time: 9.708576ms
[2015.11.07-01.42.23:699][125]LogSavePackage:Warning: Finished SavePackage ../../../../../../Users/Celine/Documents/Unreal Projects/GameDeOuf-master2/Content/Bluprints/Sounds/bruit_marteau_plateau16.uasset
[2015.11.07-01.42.23:720][125]LogSavePackage: Save=6.961035ms
[2015.11.07-01.42.23:720][125]LogSavePackage: Moving '../../../../../../Users/Celine/Documents/Unreal Projects/GameDeOuf-master2/Saved/bruit_marteau_vide16FEE476DA4DF2C3ABC45AA1941EFA4849.tmp' to '../../../../../../Users/Celine/Documents/Unreal Projects/GameDeOuf-master2/Content/Bluprints/Sounds/bruit_marteau_vide16.uasset'
[2015.11.07-01.42.23:722][125]LogSavePackage: Total save time: 9.717233ms
[2015.11.07-01.42.23:722][125]LogSavePackage:Warning: Finished SavePackage ../../../../../../Users/Celine/Documents/Unreal Projects/GameDeOuf-master2/Content/Bluprints/Sounds/bruit_marteau_vide16.uasset
[2015.11.07-01.42.23:744][125]LogSavePackage: Save=6.992458ms
[2015.11.07-01.42.23:744][125]LogSavePackage: Moving '../../../../../../Users/Celine/Documents/Unreal Projects/GameDeOuf-master2/Saved/bruit_marteau_plateau165E7AD94E4F44DC47C17B14A896447AAF.tmp' to '../../../../../../Users/Celine/Documents/Unreal Projects/GameDeOuf-master2/Content/Bluprints/Background/bruit_marteau_plateau16.uasset'
[2015.11.07-01.42.23:747][125]LogSavePackage: Total save time: 9.844206ms
[2015.11.07-01.42.23:747][125]LogSavePackage:Warning: Finished SavePackage ../../../../../../Users/Celine/Documents/Unreal Projects/GameDeOuf-master2/Content/Bluprints/Background/bruit_marteau_plateau16.uasset
[2015.11.07-01.42.23:770][125]LogSavePackage: Save=7.000473ms
[2015.11.07-01.42.23:770][125]LogSavePackage: Moving '../../../../../../Users/Celine/Documents/Unreal Projects/GameDeOuf-master2/Saved/taupe_gentille_qui_meurt160055BA5D4D92DA35F52E3DA29C15BB4C.tmp' to '../../../../../../Users/Celine/Documents/Unreal Projects/GameDeOuf-master2/Content/Bluprints/Sounds/taupe_gentille_qui_meurt16.uasset'
[2015.11.07-01.42.23:773][125]LogSavePackage: Total save time: 10.270331ms
[2015.11.07-01.42.23:773][125]LogSavePackage:Warning: Finished SavePackage ../../../../../../Users/Celine/Documents/Unreal Projects/GameDeOuf-master2/Content/Bluprints/Sounds/taupe_gentille_qui_meurt16.uasset
[2015.11.07-01.42.26:631][303]Cmd: CLOSE_SLATE_MAINFRAME
[2015.11.07-01.42.27:287][304]Cmd: QUIT_EDITOR
[2015.11.07-01.42.27:873][304]LogExit: Preparing to exit.
[2015.11.07-01.42.28:697][304]LogExit: Editor shut down
[2015.11.07-01.42.28:697][304]LogExit: Transaction tracking system shut down
[2015.11.07-01.42.28:726][304]LogParticles: Destroying 0 GPU particle simulations for FXSystem 0x0000000010EB53A0
[2015.11.07-01.42.29:870][304]LogParticles: Destroying 0 GPU particle simulations for FXSystem 0x0000000024A4CD60
[2015.11.07-01.42.29:870][304]LogParticles: Destroying 0 GPU particle simulations for FXSystem 0x0000000020EC6AC0
[2015.11.07-01.42.29:870][304]LogParticles: Destroying 0 GPU particle simulations for FXSystem 0x00000000210220C0
[2015.11.07-01.42.29:870][304]LogParticles: Destroying 0 GPU particle simulations for FXSystem 0x000000000F44F060
[2015.11.07-01.42.29:870][304]LogExit: Object subsystem successfully closed.
[2015.11.07-01.42.30:075][304]LogD3D11RHI: Shutdown
[2015.11.07-01.42.30:083][304]LogD3D11RHI: CleanupD3DDevice
[2015.11.07-01.42.30:230][304]LogD3D11RHI: ~FD3D11DynamicRHI
[2015.11.07-01.42.30:814][304]LogModuleManager: Shutting down and abandoning module TextureEditor (198)
[2015.11.07-01.42.30:823][304]LogModuleManager: Shutting down and abandoning module CrashTracker (197)
[2015.11.07-01.42.30:823][304]LogModuleManager: Shutting down and abandoning module SceneOutliner (196)
[2015.11.07-01.42.30:823][304]LogModuleManager: Shutting down and abandoning module SuperSearch (195)
[2015.11.07-01.42.30:823][304]LogModuleManager: Shutting down and abandoning module WidgetCarousel (194)
[2015.11.07-01.42.30:823][304]LogModuleManager: Shutting down and abandoning module AddContentDialog (193)
[2015.11.07-01.42.30:856][304]LogModuleManager: Shutting down and abandoning module EditorWidgets (192)
[2015.11.07-01.42.30:856][304]LogModuleManager: Shutting down and abandoning module CollectionManager (191)
[2015.11.07-01.42.30:864][304]LogModuleManager: Shutting down and abandoning module StatsViewer (190)
[2015.11.07-01.42.30:887][304]LogModuleManager: Shutting down and abandoning module FoliageEdit (189)
[2015.11.07-01.42.30:887][304]LogModuleManager: Shutting down and abandoning module LandscapeEditor (188)
[2015.11.07-01.42.30:926][304]LogModuleManager: Shutting down and abandoning module ActorPickerMode (187)
[2015.11.07-01.42.30:926][304]LogModuleManager: Shutting down and abandoning module GeometryMode (186)
[2015.11.07-01.42.30:926][304]LogModuleManager: Shutting down and abandoning module TextureAlignMode (185)
[2015.11.07-01.42.30:926][304]LogModuleManager: Shutting down and abandoning module BspMode (184)
[2015.11.07-01.42.30:926][304]LogModuleManager: Shutting down and abandoning module PlacementMode (183)
[2015.11.07-01.42.30:926][304]LogModuleManager: Shutting down and abandoning module AutomationWorker (182)
[2015.11.07-01.42.30:926][304]LogModuleManager: Shutting down and abandoning module CharacterAI (181)
[2015.11.07-01.42.30:926][304]LogModuleManager: Shutting down and abandoning module SmartSnapping (180)
[2015.11.07-01.42.30:926][304]LogModuleManager: Shutting down and abandoning module ViewportSnapping (179)
[2015.11.07-01.42.30:926][304]LogModuleManager: Shutting down and abandoning module LogVisualizer (178)
[2015.11.07-01.42.30:939][304]LogModuleManager: Shutting down and abandoning module GameProjectGeneration (177)
[2015.11.07-01.42.30:939][304]LogModuleManager: Shutting down and abandoning module IntroTutorials (176)
[2015.11.07-01.42.30:955][304]LogModuleManager: Shutting down and abandoning module EditorLiveStreaming (175)
[2015.11.07-01.42.30:955][304]LogModuleManager: Shutting down and abandoning module IOSPlatformEditor (174)
[2015.11.07-01.42.30:967][304]LogModuleManager: Shutting down and abandoning module HTML5PlatformEditor (173)
[2015.11.07-01.42.30:967][304]LogModuleManager: Shutting down and abandoning module AndroidDeviceDetection (172)
[2015.11.07-01.42.31:488][304]LogModuleManager: Shutting down and abandoning module AndroidPlatformEditor (171)
[2015.11.07-01.42.31:488][304]LogModuleManager: Shutting down and abandoning module IOSRuntimeSettings (170)
[2015.11.07-01.42.31:488][304]LogModuleManager: Shutting down and abandoning module AndroidRuntimeSettings (169)
[2015.11.07-01.42.31:488][304]LogModuleManager: Shutting down and abandoning module MergeActors (168)
[2015.11.07-01.42.31:516][304]LogModuleManager: Shutting down and abandoning module SizeMap (167)
[2015.11.07-01.42.31:516][304]LogModuleManager: Shutting down and abandoning module TreeMap (166)
[2015.11.07-01.42.31:525][304]LogModuleManager: Shutting down and abandoning module ReferenceViewer (165)
[2015.11.07-01.42.31:525][304]LogModuleManager: Shutting down and abandoning module LocalizationService (164)
[2015.11.07-01.42.31:531][304]LogModuleManager: Shutting down and abandoning module LocalizationDashboard (163)
[2015.11.07-01.42.31:537][304]LogModuleManager: Shutting down and abandoning module HardwareTargeting (162)
[2015.11.07-01.42.31:537][304]LogModuleManager: Shutting down and abandoning module DeviceProfileEditor (161)
[2015.11.07-01.42.31:537][304]LogModuleManager: Shutting down and abandoning module UndoHistory (160)
[2015.11.07-01.42.31:549][304]LogModuleManager: Shutting down and abandoning module GameplayTagsEditor (159)
[2015.11.07-01.42.31:549][304]LogModuleManager: Shutting down and abandoning module UserFeedback (158)
[2015.11.07-01.42.31:549][304]LogModuleManager: Shutting down and abandoning module XmlParser (157)
[2015.11.07-01.42.31:549][304]LogModuleManager: Shutting down and abandoning module Blutility (156)
[2015.11.07-01.42.31:549][304]LogModuleManager: Shutting down and abandoning module ProjectTargetPlatformEditor (155)
[2015.11.07-01.42.31:549][304]LogModuleManager: Shutting down and abandoning module ProjectSettingsViewer (154)
[2015.11.07-01.42.31:549][304]LogModuleManager: Shutting down and abandoning module InputBindingEditor (153)
[2015.11.07-01.42.31:556][304]LogModuleManager: Shutting down and abandoning module EditorSettingsViewer (152)
[2015.11.07-01.42.31:556][304]LogModuleManager: Shutting down and abandoning module SettingsEditor (151)
[2015.11.07-01.42.31:590][304]LogModuleManager: Shutting down and abandoning module ProjectLauncher (150)
[2015.11.07-01.42.31:607][304]LogModuleManager: Shutting down and abandoning module SessionFrontend (149)
[2015.11.07-01.42.31:615][304]LogModuleManager: Shutting down and abandoning module ProfilerClient (148)
[2015.11.07-01.42.31:622][304]LogModuleManager: Shutting down and abandoning module TargetDeviceServices (147)
[2015.11.07-01.42.31:622][304]LogModuleManager: Shutting down and abandoning module DeviceManager (146)
[2015.11.07-01.42.31:630][304]LogModuleManager: Shutting down and abandoning module AutomationController (145)
[2015.11.07-01.42.31:641][304]LogModuleManager: Shutting down and abandoning module AutomationWindow (144)
[2015.11.07-01.42.31:652][304]LogModuleManager: Shutting down and abandoning module Layers (143)
[2015.11.07-01.42.31:660][304]LogModuleManager: Shutting down and abandoning module ComponentVisualizers (142)
[2015.11.07-01.42.31:660][304]LogModuleManager: Shutting down and abandoning module DetailCustomizations (141)
[2015.11.07-01.42.31:680][304]LogModuleManager: Shutting down and abandoning module PackagesDialog (140)
[2015.11.07-01.42.31:692][304]LogModuleManager: Shutting down and abandoning module Persona (139)
[2015.11.07-01.42.31:718][304]LogModuleManager: Shutting down and abandoning module Kismet (138)
[2015.11.07-01.42.31:733][304]LogModuleManager: Shutting down and abandoning module GraphEditor (137)
[2015.11.07-01.42.31:756][304]LogModuleManager: Shutting down and abandoning module ClassViewer (136)
[2015.11.07-01.42.31:766][304]LogModuleManager: Shutting down and abandoning module Toolbox (135)
[2015.11.07-01.42.31:766][304]LogModuleManager: Shutting down and abandoning module ModuleUI (134)
[2015.11.07-01.42.31:776][304]LogModuleManager: Shutting down and abandoning module MovieSceneTools (133)
[2015.11.07-01.42.31:776][304]LogModuleManager: Shutting down and abandoning module OutputLog (132)
[2015.11.07-01.42.31:776][304]LogModuleManager: Shutting down and abandoning module GammaUI (131)
[2015.11.07-01.42.31:789][304]LogModuleManager: Shutting down and abandoning module Documentation (130)
[2015.11.07-01.42.31:789][304]LogModuleManager: Shutting down and abandoning module GameLiveStreaming (129)
[2015.11.07-01.42.31:789][304]LogModuleManager: Shutting down and abandoning module StreamingPauseRendering (128)
[2015.11.07-01.42.31:789][304]LogModuleManager: Shutting down and abandoning module AnalyticsET (127)
[2015.11.07-01.42.31:789][304]LogModuleManager: Shutting down and abandoning module Analytics (126)
[2015.11.07-01.42.31:789][304]LogModuleManager: Shutting down and abandoning module AITestSuite (125)
[2015.11.07-01.42.31:794][304]LogModuleManager: Shutting down and abandoning module GameplayDebugger (124)
[2015.11.07-01.42.31:795][304]LogModuleManager: Shutting down and abandoning module AIModule (123)
[2015.11.07-01.42.31:795][304]LogModuleManager: Shutting down and abandoning module ProfilerService (122)
[2015.11.07-01.42.31:990][304]LogModuleManager: Shutting down and abandoning module TaskGraph (121)
[2015.11.07-01.42.32:003][304]LogModuleManager: Shutting down and abandoning module SlateRemote (120)
[2015.11.07-01.42.32:003][304]LogModuleManager: Shutting down and abandoning module SteamVRController (119)
[2015.11.07-01.42.32:003][304]LogModuleManager: Shutting down and abandoning module SteamVR (118)
[2015.11.07-01.42.32:003][304]LogModuleManager: Shutting down and abandoning module ProceduralMeshComponent (117)
[2015.11.07-01.42.32:003][304]LogModuleManager: Shutting down and abandoning module OculusRift (116)
[2015.11.07-01.42.32:004][304]LogModuleManager: Shutting down and abandoning module OculusLibrary (115)
[2015.11.07-01.42.32:004][304]LogModuleManager: Shutting down and abandoning module LeapMotionController (114)
[2015.11.07-01.42.32:044][304]LogModuleManager: Shutting down and abandoning module CustomMeshComponent (113)
[2015.11.07-01.42.32:065][304]LogModuleManager: Shutting down and abandoning module CableComponent (112)
[2015.11.07-01.42.32:065][304]LogModuleManager: Shutting down and abandoning module ArchVisCharacter (111)
[2015.11.07-01.42.32:065][304]LogModuleManager: Shutting down and abandoning module MessagingDebugger (110)
[2015.11.07-01.42.32:091][304]LogModuleManager: Shutting down and abandoning module MediaPlayerEditor (109)
[2015.11.07-01.42.32:106][304]LogModuleManager: Shutting down and abandoning module HTML5Networking (108)
[2015.11.07-01.42.32:106][304]LogModuleManager: Shutting down and abandoning module SpeedTreeImporter (107)
[2015.11.07-01.42.32:106][304]LogModuleManager: Shutting down and abandoning module PluginBrowser (106)
[2015.11.07-01.42.32:117][304]LogModuleManager: Shutting down and abandoning module EpicSurvey (105)
[2015.11.07-01.42.32:118][304]LogModuleManager: Shutting down and abandoning module DesktopPlatform (104)
[2015.11.07-01.42.32:118][304]LogModuleManager: Shutting down and abandoning module VisualStudioSourceCodeAccess (103)
[2015.11.07-01.42.32:118][304]LogModuleManager: Shutting down and abandoning module UObjectPlugin (102)
[2015.11.07-01.42.32:118][304]LogModuleManager: Shutting down and abandoning module SubversionSourceControl (101)
[2015.11.07-01.42.32:138][304]LogModuleManager: Shutting down and abandoning module PerforceSourceControl (100)
[2015.11.07-01.42.32:152][304]LogModuleManager: Shutting down and abandoning module SourceControl (99)
[2015.11.07-01.42.32:152][304]LogModuleManager: Shutting down and abandoning module GitSourceControl (98)
[2015.11.07-01.42.32:163][304]LogModuleManager: Shutting down and abandoning module LightPropagationVolumeEditor (97)
[2015.11.07-01.42.32:163][304]LogModuleManager: Shutting down and abandoning module PaperTiledImporter (96)
[2015.11.07-01.42.32:172][304]LogModuleManager: Shutting down and abandoning module PaperSpriteSheetImporter (95)
[2015.11.07-01.42.32:176][304]LogModuleManager: Shutting down and abandoning module MeshPaint (94)
[2015.11.07-01.42.32:181][304]LogModuleManager: Shutting down and abandoning module SlateReflector (93)
[2015.11.07-01.42.32:190][304]LogModuleManager: Shutting down and abandoning module HotReload (92)
[2015.11.07-01.42.32:195][304]LogModuleManager: Shutting down and abandoning module MainFrame (91)
[2015.11.07-01.42.32:195][304]LogModuleManager: Shutting down and abandoning module LevelEditor (90)
[2015.11.07-01.42.32:208][304]LogModuleManager: Shutting down and abandoning module DirectoryWatcher (89)
[2015.11.07-01.42.32:209][304]LogModuleManager: Shutting down and abandoning module AssetRegistry (88)
[2015.11.07-01.42.32:267][304]LogModuleManager: Shutting down and abandoning module ContentBrowser (87)
[2015.11.07-01.42.32:268][304]LogModuleManager: Shutting down and abandoning module Paper2DEditor (86)
[2015.11.07-01.42.32:304][304]LogModuleManager: Shutting down and abandoning module UdpMessaging (85)
[2015.11.07-01.42.32:404][304]LogModuleManager: Shutting down and abandoning module LightPropagationVolumeRuntime (84)
[2015.11.07-01.42.32:404][304]LogModuleManager: Shutting down and abandoning module Paper2D (83)
[2015.11.07-01.42.32:421][304]LogModuleManager: Shutting down and abandoning module WindowsMoviePlayer (82)
[2015.11.07-01.42.32:438][304]LogModuleManager: Shutting down and abandoning module Media (81)
[2015.11.07-01.42.32:438][304]LogModuleManager: Shutting down and abandoning module WmfMedia (80)
[2015.11.07-01.42.32:452][304]LogModuleManager: Shutting down and abandoning module OnlineBlueprintSupport (79)
[2015.11.07-01.42.32:452][304]LogModuleManager: Shutting down and abandoning module GameplayTasksEditor (78)
[2015.11.07-01.42.32:452][304]LogModuleManager: Shutting down and abandoning module PropertyEditor (77)
[2015.11.07-01.42.32:452][304]LogModuleManager: Shutting down and abandoning module BehaviorTreeEditor (76)
[2015.11.07-01.42.32:477][304]LogModuleManager: Shutting down and abandoning module FunctionalTesting (75)
[2015.11.07-01.42.32:477][304]LogModuleManager: Shutting down and abandoning module CollisionAnalyzer (74)
[2015.11.07-01.42.32:570][304]LogModuleManager: Shutting down and abandoning module WorkspaceMenuStructure (73)
[2015.11.07-01.42.32:570][304]LogModuleManager: Shutting down and abandoning module MessageLog (72)
[2015.11.07-01.42.32:570][304]LogModuleManager: Shutting down and abandoning module Sequencer (71)
[2015.11.07-01.42.32:600][304]LogModuleManager: Shutting down and abandoning module AssetTools (70)
[2015.11.07-01.42.32:622][304]LogModuleManager: Shutting down and abandoning module UMGEditor (69)
[2015.11.07-01.42.32:638][304]LogModuleManager: Shutting down and abandoning module UMG (68)
[2015.11.07-01.42.32:638][304]LogModuleManager: Shutting down and abandoning module Slate (67)
[2015.11.07-01.42.32:639][304]LogModuleManager: Shutting down and abandoning module EditorStyle (66)
[2015.11.07-01.42.32:641][304]LogModuleManager: Shutting down and abandoning module SessionServices (65)
[2015.11.07-01.42.32:641][304]LogModuleManager: Shutting down and abandoning module SourceCodeAccess (64)
[2015.11.07-01.42.32:641][304]LogModuleManager: Shutting down and abandoning module HeadMountedDisplay (63)
[2015.11.07-01.42.32:641][304]LogModuleManager: Shutting down and abandoning module XAudio2 (62)
[2015.11.07-01.42.32:641][304]LogModuleManager: Shutting down and abandoning module Networking (60)
[2015.11.07-01.42.32:641][304]LogModuleManager: Shutting down and abandoning module Core (59)
[2015.11.07-01.42.32:641][304]LogModuleManager: Shutting down and abandoning module KismetCompiler (58)
[2015.11.07-01.42.32:641][304]LogModuleManager: Shutting down and abandoning module PhysXFormats (57)
[2015.11.07-01.42.32:641][304]LogModuleManager: Shutting down and abandoning module MeshUtilities (56)
[2015.11.07-01.42.32:661][304]LogModuleManager: Shutting down and abandoning module CookingStats (55)
[2015.11.07-01.42.32:662][304]LogModuleManager: Shutting down and abandoning module DerivedDataCache (54)
[2015.11.07-01.42.32:719][304]LogDerivedDataCache: Shutdown
[2015.11.07-01.42.32:719][304]LogModuleManager: Shutting down and abandoning module ShaderFormatOpenGL (53)
[2015.11.07-01.42.32:729][304]LogModuleManager: Shutting down and abandoning module ShaderFormatD3D (52)
[2015.11.07-01.42.32:729][304]LogModuleManager: Shutting down and abandoning module MetalShaderFormat (51)
[2015.11.07-01.42.32:737][304]LogModuleManager: Shutting down and abandoning module TextureFormatUncompressed (50)
[2015.11.07-01.42.32:737][304]LogModuleManager: Shutting down and abandoning module TextureFormatPVR (49)
[2015.11.07-01.42.32:737][304]LogModuleManager: Shutting down and abandoning module TextureFormatIntelISPCTexComp (48)
[2015.11.07-01.42.32:737][304]LogModuleManager: Shutting down and abandoning module TextureFormatDXT (47)
[2015.11.07-01.42.32:737][304]LogModuleManager: Shutting down and abandoning module ImageWrapper (46)
[2015.11.07-01.42.32:737][304]LogModuleManager: Shutting down and abandoning module TextureFormatASTC (45)
[2015.11.07-01.42.32:737][304]LogModuleManager: Shutting down and abandoning module TextureFormatAndroid (44)
[2015.11.07-01.42.32:737][304]LogModuleManager: Shutting down and abandoning module AudioFormatOpus (43)
[2015.11.07-01.42.32:737][304]LogModuleManager: Shutting down and abandoning module AudioFormatOgg (42)
[2015.11.07-01.42.32:737][304]LogModuleManager: Shutting down and abandoning module AudioFormatADPCM (41)
[2015.11.07-01.42.32:737][304]LogModuleManager: Shutting down and abandoning module LinuxTargetPlatform (40)
[2015.11.07-01.42.32:737][304]LogModuleManager: Shutting down and abandoning module LinuxServerTargetPlatform (39)
[2015.11.07-01.42.32:741][304]LogModuleManager: Shutting down and abandoning module LinuxNoEditorTargetPlatform (38)
[2015.11.07-01.42.32:746][304]LogModuleManager: Shutting down and abandoning module Messaging (37)
[2015.11.07-01.42.32:746][304]LogModuleManager: Shutting down and abandoning module IOSTargetPlatform (36)
[2015.11.07-01.42.32:746][304]LogModuleManager: Shutting down and abandoning module HTML5TargetPlatform (35)
[2015.11.07-01.42.32:746][304]LogModuleManager: Shutting down and abandoning module Android_PVRTCTargetPlatform (34)
[2015.11.07-01.42.32:757][304]LogModuleManager: Shutting down and abandoning module Android_ETC2TargetPlatform (33)
[2015.11.07-01.42.32:763][304]LogModuleManager: Shutting down and abandoning module Android_ETC1TargetPlatform (32)
[2015.11.07-01.42.32:768][304]LogModuleManager: Shutting down and abandoning module Android_DXTTargetPlatform (31)
[2015.11.07-01.42.32:771][304]LogModuleManager: Shutting down and abandoning module Android_ATCTargetPlatform (30)
[2015.11.07-01.42.32:782][304]LogModuleManager: Shutting down and abandoning module Android_ASTCTargetPlatform (29)
[2015.11.07-01.42.32:786][304]LogModuleManager: Shutting down and abandoning module AndroidTargetPlatform (28)
[2015.11.07-01.42.32:808][304]LogModuleManager: Shutting down and abandoning module WindowsTargetPlatform (27)
[2015.11.07-01.42.32:808][304]LogModuleManager: Shutting down and abandoning module WindowsServerTargetPlatform (26)
[2015.11.07-01.42.32:808][304]LogModuleManager: Shutting down and abandoning module WindowsNoEditorTargetPlatform (25)
[2015.11.07-01.42.32:808][304]LogModuleManager: Shutting down and abandoning module WindowsClientTargetPlatform (24)
[2015.11.07-01.42.32:808][304]LogModuleManager: Shutting down and abandoning module AllDesktopTargetPlatform (23)
[2015.11.07-01.42.32:808][304]LogModuleManager: Shutting down and abandoning module TargetPlatform (22)
[2015.11.07-01.42.32:808][304]LogModuleManager: Shutting down and abandoning module InputCore (21)
[2015.11.07-01.42.32:808][304]LogModuleManager: Shutting down and abandoning module Settings (20)
[2015.11.07-01.42.32:808][304]LogModuleManager: Shutting down and abandoning module OnlineSubsystem (18)
[2015.11.07-01.42.32:808][304]LogModuleManager: Shutting down and abandoning module HTTP (17)
[2015.11.07-01.42.34:808][304]LogModuleManager: Shutting down and abandoning module XMPP (16)
[2015.11.07-01.42.34:831][304]LogModuleManager: Shutting down and abandoning module ExampleDeviceProfileSelector (15)
[2015.11.07-01.42.34:831][304]LogModuleManager: Shutting down and abandoning module TextureCompressor (14)
[2015.11.07-01.42.34:831][304]LogModuleManager: Shutting down and abandoning module ShaderCore (13)
[2015.11.07-01.42.34:831][304]LogModuleManager: Shutting down and abandoning module Landscape (12)
[2015.11.07-01.42.34:831][304]LogModuleManager: Shutting down and abandoning module SlateRHIRenderer (11)
[2015.11.07-01.42.34:852][304]LogModuleManager: Shutting down and abandoning module OpenGLDrv (10)
[2015.11.07-01.42.34:862][304]LogModuleManager: Shutting down and abandoning module D3D11RHI (9)
[2015.11.07-01.42.34:862][304]LogModuleManager: Shutting down and abandoning module AnimGraphRuntime (8)
[2015.11.07-01.42.34:874][304]LogModuleManager: Shutting down and abandoning module Renderer (7)
[2015.11.07-01.42.34:874][304]LogModuleManager: Shutting down and abandoning module Engine (6)
[2015.11.07-01.42.34:874][304]LogModuleManager: Shutting down and abandoning module CoreUObject (5)
[2015.11.07-01.42.34:874][304]LogModuleManager: Shutting down and abandoning module NetworkFile (4)
[2015.11.07-01.42.34:884][304]LogModuleManager: Shutting down and abandoning module StreamingFile (3)
[2015.11.07-01.42.34:884][304]LogModuleManager: Shutting down and abandoning module SandboxFile (2)
[2015.11.07-01.42.34:884][304]LogModuleManager: Shutting down and abandoning module PakFile (1)
[2015.11.07-01.42.34:901][304]LogExit: Exiting.
[2015.11.07-01.42.34:936][304]Log file closed, 11/07/15 02:42:34
